{"/Users/vincentiusclarishna/Documents/HACKTIV8/Phase-2 (Repeat)/W1/Day01/gc01-AisyahAuliaAngelinee-1/server/app.js": {"path":"/Users/vincentiusclarishna/Documents/HACKTIV8/Phase-2 (Repeat)/W1/Day01/gc01-AisyahAuliaAngelinee-1/server/app.js","statementMap":{"0":{"start":{"line":1,"column":0},"end":{"line":1,"column":70}},"1":{"start":{"line":1,"column":43},"end":{"line":1,"column":70}},"2":{"start":{"line":2,"column":16},"end":{"line":2,"column":34}},"3":{"start":{"line":3,"column":15},"end":{"line":3,"column":40}},"4":{"start":{"line":4,"column":21},"end":{"line":4,"column":57}},"5":{"start":{"line":5,"column":12},"end":{"line":5,"column":21}},"6":{"start":{"line":7,"column":13},"end":{"line":7,"column":28}},"7":{"start":{"line":13,"column":0},"end":{"line":13,"column":16}},"8":{"start":{"line":14,"column":0},"end":{"line":14,"column":48}},"9":{"start":{"line":15,"column":0},"end":{"line":15,"column":24}},"10":{"start":{"line":16,"column":0},"end":{"line":16,"column":16}},"11":{"start":{"line":17,"column":0},"end":{"line":17,"column":22}},"12":{"start":{"line":23,"column":0},"end":{"line":23,"column":21}}},"fnMap":{},"branchMap":{"0":{"loc":{"start":{"line":1,"column":0},"end":{"line":1,"column":70}},"type":"if","locations":[{"start":{"line":1,"column":0},"end":{"line":1,"column":70}},{"start":{},"end":{}}],"line":1}},"s":{"0":1,"1":1,"2":1,"3":1,"4":1,"5":1,"6":1,"7":1,"8":1,"9":1,"10":1,"11":1,"12":1},"f":{},"b":{"0":[1,0]},"_coverageSchema":"1a1c01bbd47fc00a2c39e90264f33305004495a9","hash":"f9ff29257ac12add6c199ba5129585de714ab6f5"}
,"/Users/vincentiusclarishna/Documents/HACKTIV8/Phase-2 (Repeat)/W1/Day01/gc01-AisyahAuliaAngelinee-1/server/API/imagekit.js": {"path":"/Users/vincentiusclarishna/Documents/HACKTIV8/Phase-2 (Repeat)/W1/Day01/gc01-AisyahAuliaAngelinee-1/server/API/imagekit.js","statementMap":{"0":{"start":{"line":1,"column":0},"end":{"line":1,"column":70}},"1":{"start":{"line":1,"column":43},"end":{"line":1,"column":70}},"2":{"start":{"line":2,"column":17},"end":{"line":2,"column":36}},"3":{"start":{"line":4,"column":15},"end":{"line":8,"column":2}},"4":{"start":{"line":10,"column":0},"end":{"line":10,"column":26}}},"fnMap":{},"branchMap":{"0":{"loc":{"start":{"line":1,"column":0},"end":{"line":1,"column":70}},"type":"if","locations":[{"start":{"line":1,"column":0},"end":{"line":1,"column":70}},{"start":{},"end":{}}],"line":1}},"s":{"0":1,"1":1,"2":1,"3":1,"4":1},"f":{},"b":{"0":[1,0]},"_coverageSchema":"1a1c01bbd47fc00a2c39e90264f33305004495a9","hash":"dfd12b3ed44c8cc371d476dc0b9b90cdb672ce24"}
,"/Users/vincentiusclarishna/Documents/HACKTIV8/Phase-2 (Repeat)/W1/Day01/gc01-AisyahAuliaAngelinee-1/server/controllers/main-controller.js": {"path":"/Users/vincentiusclarishna/Documents/HACKTIV8/Phase-2 (Repeat)/W1/Day01/gc01-AisyahAuliaAngelinee-1/server/controllers/main-controller.js","statementMap":{"0":{"start":{"line":1,"column":26},"end":{"line":1,"column":46}},"1":{"start":{"line":2,"column":17},"end":{"line":2,"column":43}},"2":{"start":{"line":6,"column":2},"end":{"line":21,"column":3}},"3":{"start":{"line":7,"column":26},"end":{"line":16,"column":5}},"4":{"start":{"line":18,"column":3},"end":{"line":18,"column":77}},"5":{"start":{"line":20,"column":3},"end":{"line":20,"column":13}},"6":{"start":{"line":25,"column":2},"end":{"line":30,"column":3}},"7":{"start":{"line":26,"column":21},"end":{"line":26,"column":44}},"8":{"start":{"line":27,"column":3},"end":{"line":27,"column":65}},"9":{"start":{"line":29,"column":3},"end":{"line":29,"column":13}},"10":{"start":{"line":34,"column":2},"end":{"line":46,"column":3}},"11":{"start":{"line":35,"column":18},"end":{"line":35,"column":28}},"12":{"start":{"line":36,"column":24},"end":{"line":38,"column":5}},"13":{"start":{"line":39,"column":3},"end":{"line":41,"column":4}},"14":{"start":{"line":40,"column":4},"end":{"line":40,"column":44}},"15":{"start":{"line":43,"column":3},"end":{"line":43,"column":70}},"16":{"start":{"line":45,"column":3},"end":{"line":45,"column":13}},"17":{"start":{"line":50,"column":2},"end":{"line":73,"column":3}},"18":{"start":{"line":51,"column":18},"end":{"line":51,"column":28}},"19":{"start":{"line":52,"column":24},"end":{"line":52,"column":50}},"20":{"start":{"line":53,"column":3},"end":{"line":55,"column":4}},"21":{"start":{"line":54,"column":4},"end":{"line":54,"column":44}},"22":{"start":{"line":57,"column":3},"end":{"line":68,"column":5}},"23":{"start":{"line":70,"column":3},"end":{"line":70,"column":64}},"24":{"start":{"line":72,"column":3},"end":{"line":72,"column":13}},"25":{"start":{"line":77,"column":2},"end":{"line":95,"column":3}},"26":{"start":{"line":78,"column":18},"end":{"line":78,"column":28}},"27":{"start":{"line":79,"column":24},"end":{"line":82,"column":5}},"28":{"start":{"line":83,"column":3},"end":{"line":85,"column":4}},"29":{"start":{"line":84,"column":4},"end":{"line":84,"column":44}},"30":{"start":{"line":91,"column":3},"end":{"line":91,"column":61}},"31":{"start":{"line":92,"column":3},"end":{"line":92,"column":86}},"32":{"start":{"line":94,"column":3},"end":{"line":94,"column":13}},"33":{"start":{"line":99,"column":2},"end":{"line":120,"column":3}},"34":{"start":{"line":100,"column":18},"end":{"line":100,"column":28}},"35":{"start":{"line":101,"column":24},"end":{"line":101,"column":50}},"36":{"start":{"line":102,"column":3},"end":{"line":104,"column":4}},"37":{"start":{"line":103,"column":4},"end":{"line":103,"column":44}},"38":{"start":{"line":106,"column":3},"end":{"line":108,"column":4}},"39":{"start":{"line":107,"column":4},"end":{"line":107,"column":50}},"40":{"start":{"line":110,"column":21},"end":{"line":110,"column":55}},"41":{"start":{"line":111,"column":17},"end":{"line":114,"column":5}},"42":{"start":{"line":116,"column":3},"end":{"line":116,"column":69}},"43":{"start":{"line":117,"column":3},"end":{"line":117,"column":77}},"44":{"start":{"line":119,"column":3},"end":{"line":119,"column":13}},"45":{"start":{"line":124,"column":0},"end":{"line":124,"column":28}}},"fnMap":{"0":{"name":"(anonymous_0)","decl":{"start":{"line":5,"column":1},"end":{"line":5,"column":2}},"loc":{"start":{"line":5,"column":42},"end":{"line":22,"column":2}},"line":5},"1":{"name":"(anonymous_1)","decl":{"start":{"line":24,"column":1},"end":{"line":24,"column":2}},"loc":{"start":{"line":24,"column":42},"end":{"line":31,"column":2}},"line":24},"2":{"name":"(anonymous_2)","decl":{"start":{"line":33,"column":1},"end":{"line":33,"column":2}},"loc":{"start":{"line":33,"column":48},"end":{"line":47,"column":2}},"line":33},"3":{"name":"(anonymous_3)","decl":{"start":{"line":49,"column":1},"end":{"line":49,"column":2}},"loc":{"start":{"line":49,"column":43},"end":{"line":74,"column":2}},"line":49},"4":{"name":"(anonymous_4)","decl":{"start":{"line":76,"column":1},"end":{"line":76,"column":2}},"loc":{"start":{"line":76,"column":45},"end":{"line":96,"column":2}},"line":76},"5":{"name":"(anonymous_5)","decl":{"start":{"line":98,"column":1},"end":{"line":98,"column":2}},"loc":{"start":{"line":98,"column":42},"end":{"line":121,"column":2}},"line":98}},"branchMap":{"0":{"loc":{"start":{"line":39,"column":3},"end":{"line":41,"column":4}},"type":"if","locations":[{"start":{"line":39,"column":3},"end":{"line":41,"column":4}},{"start":{},"end":{}}],"line":39},"1":{"loc":{"start":{"line":53,"column":3},"end":{"line":55,"column":4}},"type":"if","locations":[{"start":{"line":53,"column":3},"end":{"line":55,"column":4}},{"start":{},"end":{}}],"line":53},"2":{"loc":{"start":{"line":83,"column":3},"end":{"line":85,"column":4}},"type":"if","locations":[{"start":{"line":83,"column":3},"end":{"line":85,"column":4}},{"start":{},"end":{}}],"line":83},"3":{"loc":{"start":{"line":102,"column":3},"end":{"line":104,"column":4}},"type":"if","locations":[{"start":{"line":102,"column":3},"end":{"line":104,"column":4}},{"start":{},"end":{}}],"line":102},"4":{"loc":{"start":{"line":106,"column":3},"end":{"line":108,"column":4}},"type":"if","locations":[{"start":{"line":106,"column":3},"end":{"line":108,"column":4}},{"start":{},"end":{}}],"line":106}},"s":{"0":1,"1":1,"2":0,"3":0,"4":0,"5":0,"6":0,"7":0,"8":0,"9":0,"10":0,"11":0,"12":0,"13":0,"14":0,"15":0,"16":0,"17":0,"18":0,"19":0,"20":0,"21":0,"22":0,"23":0,"24":0,"25":0,"26":0,"27":0,"28":0,"29":0,"30":0,"31":0,"32":0,"33":0,"34":0,"35":0,"36":0,"37":0,"38":0,"39":0,"40":0,"41":0,"42":0,"43":0,"44":0,"45":1},"f":{"0":0,"1":0,"2":0,"3":0,"4":0,"5":0},"b":{"0":[0,0],"1":[0,0],"2":[0,0],"3":[0,0],"4":[0,0]},"_coverageSchema":"1a1c01bbd47fc00a2c39e90264f33305004495a9","hash":"bac3b50b89f017e645cf1ad137f2b9db61a38b60"}
,"/Users/vincentiusclarishna/Documents/HACKTIV8/Phase-2 (Repeat)/W1/Day01/gc01-AisyahAuliaAngelinee-1/server/controllers/public-controller.js": {"path":"/Users/vincentiusclarishna/Documents/HACKTIV8/Phase-2 (Repeat)/W1/Day01/gc01-AisyahAuliaAngelinee-1/server/controllers/public-controller.js","statementMap":{"0":{"start":{"line":1,"column":20},"end":{"line":1,"column":40}},"1":{"start":{"line":2,"column":15},"end":{"line":2,"column":35}},"2":{"start":{"line":6,"column":2},"end":{"line":67,"column":3}},"3":{"start":{"line":7,"column":50},"end":{"line":7,"column":59}},"4":{"start":{"line":8,"column":3},"end":{"line":10,"column":4}},"5":{"start":{"line":9,"column":4},"end":{"line":9,"column":13}},"6":{"start":{"line":11,"column":3},"end":{"line":11,"column":31}},"7":{"start":{"line":13,"column":20},"end":{"line":13,"column":22}},"8":{"start":{"line":14,"column":3},"end":{"line":29,"column":4}},"9":{"start":{"line":15,"column":4},"end":{"line":23,"column":6}},"10":{"start":{"line":25,"column":4},"end":{"line":28,"column":6}},"11":{"start":{"line":31,"column":3},"end":{"line":41,"column":4}},"12":{"start":{"line":32,"column":23},"end":{"line":34,"column":7}},"13":{"start":{"line":32,"column":56},"end":{"line":34,"column":5}},"14":{"start":{"line":36,"column":4},"end":{"line":40,"column":6}},"15":{"start":{"line":43,"column":3},"end":{"line":49,"column":4}},"16":{"start":{"line":44,"column":4},"end":{"line":48,"column":5}},"17":{"start":{"line":45,"column":5},"end":{"line":45,"column":42}},"18":{"start":{"line":47,"column":5},"end":{"line":47,"column":52}},"19":{"start":{"line":51,"column":25},"end":{"line":51,"column":66}},"20":{"start":{"line":52,"column":16},"end":{"line":61,"column":4}},"21":{"start":{"line":64,"column":3},"end":{"line":64,"column":69}},"22":{"start":{"line":66,"column":3},"end":{"line":66,"column":13}},"23":{"start":{"line":71,"column":2},"end":{"line":82,"column":3}},"24":{"start":{"line":72,"column":18},"end":{"line":72,"column":28}},"25":{"start":{"line":73,"column":24},"end":{"line":73,"column":64}},"26":{"start":{"line":74,"column":3},"end":{"line":74,"column":44}},"27":{"start":{"line":75,"column":3},"end":{"line":77,"column":4}},"28":{"start":{"line":76,"column":4},"end":{"line":76,"column":44}},"29":{"start":{"line":79,"column":3},"end":{"line":79,"column":38}},"30":{"start":{"line":81,"column":3},"end":{"line":81,"column":13}},"31":{"start":{"line":86,"column":0},"end":{"line":86,"column":28}}},"fnMap":{"0":{"name":"(anonymous_0)","decl":{"start":{"line":5,"column":1},"end":{"line":5,"column":2}},"loc":{"start":{"line":5,"column":44},"end":{"line":68,"column":2}},"line":5},"1":{"name":"(anonymous_1)","decl":{"start":{"line":32,"column":45},"end":{"line":32,"column":46}},"loc":{"start":{"line":32,"column":56},"end":{"line":34,"column":5}},"line":32},"2":{"name":"(anonymous_2)","decl":{"start":{"line":70,"column":1},"end":{"line":70,"column":2}},"loc":{"start":{"line":70,"column":48},"end":{"line":83,"column":2}},"line":70}},"branchMap":{"0":{"loc":{"start":{"line":8,"column":3},"end":{"line":10,"column":4}},"type":"if","locations":[{"start":{"line":8,"column":3},"end":{"line":10,"column":4}},{"start":{},"end":{}}],"line":8},"1":{"loc":{"start":{"line":11,"column":11},"end":{"line":11,"column":30}},"type":"cond-expr","locations":[{"start":{"line":11,"column":19},"end":{"line":11,"column":25}},{"start":{"line":11,"column":28},"end":{"line":11,"column":30}}],"line":11},"2":{"loc":{"start":{"line":14,"column":3},"end":{"line":29,"column":4}},"type":"if","locations":[{"start":{"line":14,"column":3},"end":{"line":29,"column":4}},{"start":{"line":24,"column":10},"end":{"line":29,"column":4}}],"line":14},"3":{"loc":{"start":{"line":31,"column":3},"end":{"line":41,"column":4}},"type":"if","locations":[{"start":{"line":31,"column":3},"end":{"line":41,"column":4}},{"start":{},"end":{}}],"line":31},"4":{"loc":{"start":{"line":31,"column":7},"end":{"line":31,"column":53}},"type":"binary-expr","locations":[{"start":{"line":31,"column":7},"end":{"line":31,"column":20}},{"start":{"line":31,"column":24},"end":{"line":31,"column":53}}],"line":31},"5":{"loc":{"start":{"line":43,"column":3},"end":{"line":49,"column":4}},"type":"if","locations":[{"start":{"line":43,"column":3},"end":{"line":49,"column":4}},{"start":{},"end":{}}],"line":43},"6":{"loc":{"start":{"line":43,"column":7},"end":{"line":43,"column":53}},"type":"binary-expr","locations":[{"start":{"line":43,"column":7},"end":{"line":43,"column":20}},{"start":{"line":43,"column":24},"end":{"line":43,"column":53}}],"line":43},"7":{"loc":{"start":{"line":44,"column":4},"end":{"line":48,"column":5}},"type":"if","locations":[{"start":{"line":44,"column":4},"end":{"line":48,"column":5}},{"start":{"line":46,"column":11},"end":{"line":48,"column":5}}],"line":44},"8":{"loc":{"start":{"line":75,"column":3},"end":{"line":77,"column":4}},"type":"if","locations":[{"start":{"line":75,"column":3},"end":{"line":77,"column":4}},{"start":{},"end":{}}],"line":75}},"s":{"0":1,"1":1,"2":3,"3":3,"4":3,"5":2,"6":3,"7":3,"8":3,"9":0,"10":3,"11":3,"12":1,"13":1,"14":1,"15":3,"16":0,"17":0,"18":0,"19":3,"20":3,"21":3,"22":0,"23":2,"24":2,"25":2,"26":2,"27":2,"28":2,"29":0,"30":2,"31":1},"f":{"0":3,"1":1,"2":2},"b":{"0":[2,1],"1":[0,3],"2":[0,3],"3":[1,2],"4":[3,3],"5":[0,3],"6":[3,3],"7":[0,0],"8":[2,0]},"_coverageSchema":"1a1c01bbd47fc00a2c39e90264f33305004495a9","hash":"f4f8030db10c6a715560e98d93bb2931143f951a"}
,"/Users/vincentiusclarishna/Documents/HACKTIV8/Phase-2 (Repeat)/W1/Day01/gc01-AisyahAuliaAngelinee-1/server/controllers/support-controller.js": {"path":"/Users/vincentiusclarishna/Documents/HACKTIV8/Phase-2 (Repeat)/W1/Day01/gc01-AisyahAuliaAngelinee-1/server/controllers/support-controller.js","statementMap":{"0":{"start":{"line":1,"column":10},"end":{"line":1,"column":28}},"1":{"start":{"line":2,"column":17},"end":{"line":2,"column":37}},"2":{"start":{"line":6,"column":2},"end":{"line":12,"column":3}},"3":{"start":{"line":7,"column":19},"end":{"line":7,"column":61}},"4":{"start":{"line":9,"column":3},"end":{"line":9,"column":66}},"5":{"start":{"line":11,"column":3},"end":{"line":11,"column":13}},"6":{"start":{"line":16,"column":2},"end":{"line":21,"column":3}},"7":{"start":{"line":17,"column":20},"end":{"line":17,"column":40}},"8":{"start":{"line":18,"column":3},"end":{"line":18,"column":34}},"9":{"start":{"line":20,"column":3},"end":{"line":20,"column":13}},"10":{"start":{"line":25,"column":2},"end":{"line":46,"column":3}},"11":{"start":{"line":26,"column":18},"end":{"line":26,"column":28}},"12":{"start":{"line":27,"column":20},"end":{"line":27,"column":43}},"13":{"start":{"line":28,"column":3},"end":{"line":30,"column":4}},"14":{"start":{"line":29,"column":4},"end":{"line":29,"column":40}},"15":{"start":{"line":32,"column":22},"end":{"line":41,"column":4}},"16":{"start":{"line":43,"column":3},"end":{"line":43,"column":72}},"17":{"start":{"line":45,"column":3},"end":{"line":45,"column":13}},"18":{"start":{"line":50,"column":2},"end":{"line":67,"column":3}},"19":{"start":{"line":51,"column":18},"end":{"line":51,"column":28}},"20":{"start":{"line":52,"column":20},"end":{"line":52,"column":43}},"21":{"start":{"line":54,"column":3},"end":{"line":56,"column":4}},"22":{"start":{"line":55,"column":4},"end":{"line":55,"column":40}},"23":{"start":{"line":58,"column":3},"end":{"line":62,"column":6}},"24":{"start":{"line":64,"column":3},"end":{"line":64,"column":74}},"25":{"start":{"line":66,"column":3},"end":{"line":66,"column":13}},"26":{"start":{"line":71,"column":0},"end":{"line":71,"column":28}}},"fnMap":{"0":{"name":"(anonymous_0)","decl":{"start":{"line":5,"column":1},"end":{"line":5,"column":2}},"loc":{"start":{"line":5,"column":41},"end":{"line":13,"column":2}},"line":5},"1":{"name":"(anonymous_1)","decl":{"start":{"line":15,"column":1},"end":{"line":15,"column":2}},"loc":{"start":{"line":15,"column":38},"end":{"line":22,"column":2}},"line":15},"2":{"name":"(anonymous_2)","decl":{"start":{"line":24,"column":1},"end":{"line":24,"column":2}},"loc":{"start":{"line":24,"column":39},"end":{"line":47,"column":2}},"line":24},"3":{"name":"(anonymous_3)","decl":{"start":{"line":49,"column":1},"end":{"line":49,"column":2}},"loc":{"start":{"line":49,"column":41},"end":{"line":68,"column":2}},"line":49}},"branchMap":{"0":{"loc":{"start":{"line":28,"column":3},"end":{"line":30,"column":4}},"type":"if","locations":[{"start":{"line":28,"column":3},"end":{"line":30,"column":4}},{"start":{},"end":{}}],"line":28},"1":{"loc":{"start":{"line":54,"column":3},"end":{"line":56,"column":4}},"type":"if","locations":[{"start":{"line":54,"column":3},"end":{"line":56,"column":4}},{"start":{},"end":{}}],"line":54}},"s":{"0":1,"1":1,"2":0,"3":0,"4":0,"5":0,"6":0,"7":0,"8":0,"9":0,"10":0,"11":0,"12":0,"13":0,"14":0,"15":0,"16":0,"17":0,"18":0,"19":0,"20":0,"21":0,"22":0,"23":0,"24":0,"25":0,"26":1},"f":{"0":0,"1":0,"2":0,"3":0},"b":{"0":[0,0],"1":[0,0]},"_coverageSchema":"1a1c01bbd47fc00a2c39e90264f33305004495a9","hash":"67b269c45b87ff39ecd5e3c41cbcc32d164ab7f6"}
,"/Users/vincentiusclarishna/Documents/HACKTIV8/Phase-2 (Repeat)/W1/Day01/gc01-AisyahAuliaAngelinee-1/server/controllers/user-controller.js": {"path":"/Users/vincentiusclarishna/Documents/HACKTIV8/Phase-2 (Repeat)/W1/Day01/gc01-AisyahAuliaAngelinee-1/server/controllers/user-controller.js","statementMap":{"0":{"start":{"line":1,"column":24},"end":{"line":1,"column":52}},"1":{"start":{"line":2,"column":22},"end":{"line":2,"column":47}},"2":{"start":{"line":3,"column":17},"end":{"line":3,"column":37}},"3":{"start":{"line":7,"column":2},"end":{"line":44,"column":3}},"4":{"start":{"line":8,"column":31},"end":{"line":8,"column":39}},"5":{"start":{"line":9,"column":3},"end":{"line":11,"column":4}},"6":{"start":{"line":10,"column":4},"end":{"line":10,"column":40}},"7":{"start":{"line":13,"column":3},"end":{"line":15,"column":4}},"8":{"start":{"line":14,"column":4},"end":{"line":14,"column":43}},"9":{"start":{"line":17,"column":20},"end":{"line":21,"column":5}},"10":{"start":{"line":23,"column":3},"end":{"line":25,"column":4}},"11":{"start":{"line":24,"column":4},"end":{"line":24,"column":39}},"12":{"start":{"line":27,"column":19},"end":{"line":27,"column":59}},"13":{"start":{"line":29,"column":3},"end":{"line":31,"column":4}},"14":{"start":{"line":30,"column":4},"end":{"line":30,"column":39}},"15":{"start":{"line":33,"column":19},"end":{"line":38,"column":4}},"16":{"start":{"line":40,"column":17},"end":{"line":40,"column":35}},"17":{"start":{"line":41,"column":3},"end":{"line":41,"column":89}},"18":{"start":{"line":43,"column":3},"end":{"line":43,"column":13}},"19":{"start":{"line":48,"column":2},"end":{"line":61,"column":3}},"20":{"start":{"line":49,"column":20},"end":{"line":55,"column":4}},"21":{"start":{"line":56,"column":19},"end":{"line":56,"column":46}},"22":{"start":{"line":58,"column":3},"end":{"line":58,"column":69}},"23":{"start":{"line":60,"column":3},"end":{"line":60,"column":13}},"24":{"start":{"line":65,"column":0},"end":{"line":65,"column":28}}},"fnMap":{"0":{"name":"(anonymous_0)","decl":{"start":{"line":6,"column":1},"end":{"line":6,"column":2}},"loc":{"start":{"line":6,"column":36},"end":{"line":45,"column":2}},"line":6},"1":{"name":"(anonymous_1)","decl":{"start":{"line":47,"column":1},"end":{"line":47,"column":2}},"loc":{"start":{"line":47,"column":38},"end":{"line":62,"column":2}},"line":47}},"branchMap":{"0":{"loc":{"start":{"line":9,"column":3},"end":{"line":11,"column":4}},"type":"if","locations":[{"start":{"line":9,"column":3},"end":{"line":11,"column":4}},{"start":{},"end":{}}],"line":9},"1":{"loc":{"start":{"line":13,"column":3},"end":{"line":15,"column":4}},"type":"if","locations":[{"start":{"line":13,"column":3},"end":{"line":15,"column":4}},{"start":{},"end":{}}],"line":13},"2":{"loc":{"start":{"line":23,"column":3},"end":{"line":25,"column":4}},"type":"if","locations":[{"start":{"line":23,"column":3},"end":{"line":25,"column":4}},{"start":{},"end":{}}],"line":23},"3":{"loc":{"start":{"line":29,"column":3},"end":{"line":31,"column":4}},"type":"if","locations":[{"start":{"line":29,"column":3},"end":{"line":31,"column":4}},{"start":{},"end":{}}],"line":29}},"s":{"0":1,"1":1,"2":1,"3":0,"4":0,"5":0,"6":0,"7":0,"8":0,"9":0,"10":0,"11":0,"12":0,"13":0,"14":0,"15":0,"16":0,"17":0,"18":0,"19":0,"20":0,"21":0,"22":0,"23":0,"24":1},"f":{"0":0,"1":0},"b":{"0":[0,0],"1":[0,0],"2":[0,0],"3":[0,0]},"_coverageSchema":"1a1c01bbd47fc00a2c39e90264f33305004495a9","hash":"afd6d4b279cfc149197a7f691187535b72c7c7c8"}
,"/Users/vincentiusclarishna/Documents/HACKTIV8/Phase-2 (Repeat)/W1/Day01/gc01-AisyahAuliaAngelinee-1/server/helpers/bcrypt.js": {"path":"/Users/vincentiusclarishna/Documents/HACKTIV8/Phase-2 (Repeat)/W1/Day01/gc01-AisyahAuliaAngelinee-1/server/helpers/bcrypt.js","statementMap":{"0":{"start":{"line":1,"column":15},"end":{"line":1,"column":34}},"1":{"start":{"line":3,"column":21},"end":{"line":6,"column":1}},"2":{"start":{"line":4,"column":14},"end":{"line":4,"column":36}},"3":{"start":{"line":5,"column":1},"end":{"line":5,"column":40}},"4":{"start":{"line":8,"column":20},"end":{"line":10,"column":1}},"5":{"start":{"line":9,"column":1},"end":{"line":9,"column":39}},"6":{"start":{"line":12,"column":0},"end":{"line":12,"column":47}}},"fnMap":{"0":{"name":"(anonymous_0)","decl":{"start":{"line":3,"column":21},"end":{"line":3,"column":22}},"loc":{"start":{"line":3,"column":35},"end":{"line":6,"column":1}},"line":3},"1":{"name":"(anonymous_1)","decl":{"start":{"line":8,"column":20},"end":{"line":8,"column":21}},"loc":{"start":{"line":8,"column":36},"end":{"line":10,"column":1}},"line":8}},"branchMap":{},"s":{"0":1,"1":1,"2":0,"3":0,"4":1,"5":0,"6":1},"f":{"0":0,"1":0},"b":{},"_coverageSchema":"1a1c01bbd47fc00a2c39e90264f33305004495a9","hash":"c80d51f8f6f89fd0c30138921e2ab41eefc6a9a0"}
,"/Users/vincentiusclarishna/Documents/HACKTIV8/Phase-2 (Repeat)/W1/Day01/gc01-AisyahAuliaAngelinee-1/server/helpers/jwt.js": {"path":"/Users/vincentiusclarishna/Documents/HACKTIV8/Phase-2 (Repeat)/W1/Day01/gc01-AisyahAuliaAngelinee-1/server/helpers/jwt.js","statementMap":{"0":{"start":{"line":1,"column":12},"end":{"line":1,"column":35}},"1":{"start":{"line":2,"column":19},"end":{"line":2,"column":41}},"2":{"start":{"line":4,"column":18},"end":{"line":6,"column":1}},"3":{"start":{"line":5,"column":1},"end":{"line":5,"column":38}},"4":{"start":{"line":8,"column":20},"end":{"line":10,"column":1}},"5":{"start":{"line":9,"column":1},"end":{"line":9,"column":38}},"6":{"start":{"line":12,"column":0},"end":{"line":12,"column":44}}},"fnMap":{"0":{"name":"(anonymous_0)","decl":{"start":{"line":4,"column":18},"end":{"line":4,"column":19}},"loc":{"start":{"line":4,"column":31},"end":{"line":6,"column":1}},"line":4},"1":{"name":"(anonymous_1)","decl":{"start":{"line":8,"column":20},"end":{"line":8,"column":21}},"loc":{"start":{"line":8,"column":31},"end":{"line":10,"column":1}},"line":8}},"branchMap":{},"s":{"0":1,"1":1,"2":1,"3":0,"4":1,"5":0,"6":1},"f":{"0":0,"1":0},"b":{},"_coverageSchema":"1a1c01bbd47fc00a2c39e90264f33305004495a9","hash":"f379ee198501136e781bbf21aeebc02ea6a83376"}
,"/Users/vincentiusclarishna/Documents/HACKTIV8/Phase-2 (Repeat)/W1/Day01/gc01-AisyahAuliaAngelinee-1/server/middleware/authentication.js": {"path":"/Users/vincentiusclarishna/Documents/HACKTIV8/Phase-2 (Repeat)/W1/Day01/gc01-AisyahAuliaAngelinee-1/server/middleware/authentication.js","statementMap":{"0":{"start":{"line":1,"column":24},"end":{"line":1,"column":49}},"1":{"start":{"line":2,"column":17},"end":{"line":2,"column":37}},"2":{"start":{"line":4,"column":23},"end":{"line":37,"column":1}},"3":{"start":{"line":5,"column":1},"end":{"line":36,"column":2}},"4":{"start":{"line":6,"column":28},"end":{"line":6,"column":39}},"5":{"start":{"line":7,"column":2},"end":{"line":9,"column":3}},"6":{"start":{"line":8,"column":3},"end":{"line":8,"column":42}},"7":{"start":{"line":11,"column":23},"end":{"line":11,"column":50}},"8":{"start":{"line":12,"column":2},"end":{"line":12,"column":41}},"9":{"start":{"line":13,"column":19},"end":{"line":13,"column":44}},"10":{"start":{"line":16,"column":19},"end":{"line":20,"column":4}},"11":{"start":{"line":21,"column":2},"end":{"line":23,"column":3}},"12":{"start":{"line":22,"column":3},"end":{"line":22,"column":39}},"13":{"start":{"line":26,"column":2},"end":{"line":31,"column":4}},"14":{"start":{"line":33,"column":2},"end":{"line":33,"column":9}},"15":{"start":{"line":35,"column":2},"end":{"line":35,"column":12}},"16":{"start":{"line":39,"column":0},"end":{"line":39,"column":32}}},"fnMap":{"0":{"name":"(anonymous_0)","decl":{"start":{"line":4,"column":23},"end":{"line":4,"column":24}},"loc":{"start":{"line":4,"column":49},"end":{"line":37,"column":1}},"line":4}},"branchMap":{"0":{"loc":{"start":{"line":7,"column":2},"end":{"line":9,"column":3}},"type":"if","locations":[{"start":{"line":7,"column":2},"end":{"line":9,"column":3}},{"start":{},"end":{}}],"line":7},"1":{"loc":{"start":{"line":21,"column":2},"end":{"line":23,"column":3}},"type":"if","locations":[{"start":{"line":21,"column":2},"end":{"line":23,"column":3}},{"start":{},"end":{}}],"line":21}},"s":{"0":1,"1":1,"2":1,"3":0,"4":0,"5":0,"6":0,"7":0,"8":0,"9":0,"10":0,"11":0,"12":0,"13":0,"14":0,"15":0,"16":1},"f":{"0":0},"b":{"0":[0,0],"1":[0,0]},"_coverageSchema":"1a1c01bbd47fc00a2c39e90264f33305004495a9","hash":"8bcad6afe0973234881443cc6abcb89732b2d257"}
,"/Users/vincentiusclarishna/Documents/HACKTIV8/Phase-2 (Repeat)/W1/Day01/gc01-AisyahAuliaAngelinee-1/server/middleware/authorization.js": {"path":"/Users/vincentiusclarishna/Documents/HACKTIV8/Phase-2 (Repeat)/W1/Day01/gc01-AisyahAuliaAngelinee-1/server/middleware/authorization.js","statementMap":{"0":{"start":{"line":1,"column":26},"end":{"line":1,"column":46}},"1":{"start":{"line":3,"column":22},"end":{"line":39,"column":1}},"2":{"start":{"line":4,"column":1},"end":{"line":38,"column":2}},"3":{"start":{"line":16,"column":29},"end":{"line":16,"column":42}},"4":{"start":{"line":17,"column":17},"end":{"line":17,"column":27}},"5":{"start":{"line":18,"column":2},"end":{"line":33,"column":3}},"6":{"start":{"line":19,"column":20},"end":{"line":19,"column":66}},"7":{"start":{"line":20,"column":3},"end":{"line":22,"column":4}},"8":{"start":{"line":21,"column":4},"end":{"line":21,"column":35}},"9":{"start":{"line":24,"column":24},"end":{"line":24,"column":50}},"10":{"start":{"line":25,"column":3},"end":{"line":27,"column":4}},"11":{"start":{"line":26,"column":4},"end":{"line":26,"column":35}},"12":{"start":{"line":30,"column":3},"end":{"line":32,"column":4}},"13":{"start":{"line":31,"column":4},"end":{"line":31,"column":35}},"14":{"start":{"line":35,"column":2},"end":{"line":35,"column":9}},"15":{"start":{"line":37,"column":2},"end":{"line":37,"column":12}},"16":{"start":{"line":41,"column":0},"end":{"line":41,"column":31}}},"fnMap":{"0":{"name":"(anonymous_0)","decl":{"start":{"line":3,"column":22},"end":{"line":3,"column":23}},"loc":{"start":{"line":3,"column":48},"end":{"line":39,"column":1}},"line":3}},"branchMap":{"0":{"loc":{"start":{"line":18,"column":2},"end":{"line":33,"column":3}},"type":"if","locations":[{"start":{"line":18,"column":2},"end":{"line":33,"column":3}},{"start":{},"end":{}}],"line":18},"1":{"loc":{"start":{"line":20,"column":3},"end":{"line":22,"column":4}},"type":"if","locations":[{"start":{"line":20,"column":3},"end":{"line":22,"column":4}},{"start":{},"end":{}}],"line":20},"2":{"loc":{"start":{"line":25,"column":3},"end":{"line":27,"column":4}},"type":"if","locations":[{"start":{"line":25,"column":3},"end":{"line":27,"column":4}},{"start":{},"end":{}}],"line":25},"3":{"loc":{"start":{"line":30,"column":3},"end":{"line":32,"column":4}},"type":"if","locations":[{"start":{"line":30,"column":3},"end":{"line":32,"column":4}},{"start":{},"end":{}}],"line":30}},"s":{"0":1,"1":1,"2":0,"3":0,"4":0,"5":0,"6":0,"7":0,"8":0,"9":0,"10":0,"11":0,"12":0,"13":0,"14":0,"15":0,"16":1},"f":{"0":0},"b":{"0":[0,0],"1":[0,0],"2":[0,0],"3":[0,0]},"_coverageSchema":"1a1c01bbd47fc00a2c39e90264f33305004495a9","hash":"6a98dc5cddd748d7dfbab9278085e748148766b7"}
,"/Users/vincentiusclarishna/Documents/HACKTIV8/Phase-2 (Repeat)/W1/Day01/gc01-AisyahAuliaAngelinee-1/server/middleware/errorhandler.js": {"path":"/Users/vincentiusclarishna/Documents/HACKTIV8/Phase-2 (Repeat)/W1/Day01/gc01-AisyahAuliaAngelinee-1/server/middleware/errorhandler.js","statementMap":{"0":{"start":{"line":1,"column":21},"end":{"line":64,"column":1}},"1":{"start":{"line":2,"column":1},"end":{"line":2,"column":32}},"2":{"start":{"line":3,"column":1},"end":{"line":3,"column":42}},"3":{"start":{"line":4,"column":1},"end":{"line":4,"column":48}},"4":{"start":{"line":5,"column":14},"end":{"line":5,"column":17}},"5":{"start":{"line":6,"column":15},"end":{"line":6,"column":38}},"6":{"start":{"line":8,"column":1},"end":{"line":11,"column":2}},"7":{"start":{"line":9,"column":2},"end":{"line":9,"column":15}},"8":{"start":{"line":10,"column":2},"end":{"line":10,"column":36}},"9":{"start":{"line":18,"column":1},"end":{"line":21,"column":2}},"10":{"start":{"line":19,"column":2},"end":{"line":19,"column":15}},"11":{"start":{"line":20,"column":2},"end":{"line":20,"column":39}},"12":{"start":{"line":23,"column":1},"end":{"line":26,"column":2}},"13":{"start":{"line":24,"column":2},"end":{"line":24,"column":15}},"14":{"start":{"line":25,"column":2},"end":{"line":25,"column":32}},"15":{"start":{"line":28,"column":1},"end":{"line":31,"column":2}},"16":{"start":{"line":29,"column":2},"end":{"line":29,"column":15}},"17":{"start":{"line":30,"column":2},"end":{"line":30,"column":35}},"18":{"start":{"line":33,"column":1},"end":{"line":36,"column":2}},"19":{"start":{"line":34,"column":2},"end":{"line":34,"column":15}},"20":{"start":{"line":35,"column":2},"end":{"line":35,"column":39}},"21":{"start":{"line":38,"column":1},"end":{"line":41,"column":2}},"22":{"start":{"line":39,"column":2},"end":{"line":39,"column":15}},"23":{"start":{"line":40,"column":2},"end":{"line":40,"column":27}},"24":{"start":{"line":43,"column":1},"end":{"line":46,"column":2}},"25":{"start":{"line":44,"column":2},"end":{"line":44,"column":15}},"26":{"start":{"line":45,"column":2},"end":{"line":45,"column":24}},"27":{"start":{"line":48,"column":1},"end":{"line":51,"column":2}},"28":{"start":{"line":49,"column":2},"end":{"line":49,"column":15}},"29":{"start":{"line":50,"column":2},"end":{"line":50,"column":32}},"30":{"start":{"line":53,"column":1},"end":{"line":56,"column":2}},"31":{"start":{"line":54,"column":2},"end":{"line":54,"column":15}},"32":{"start":{"line":55,"column":2},"end":{"line":55,"column":33}},"33":{"start":{"line":58,"column":1},"end":{"line":61,"column":2}},"34":{"start":{"line":59,"column":2},"end":{"line":59,"column":15}},"35":{"start":{"line":60,"column":2},"end":{"line":60,"column":29}},"36":{"start":{"line":63,"column":1},"end":{"line":63,"column":38}},"37":{"start":{"line":66,"column":0},"end":{"line":66,"column":30}}},"fnMap":{"0":{"name":"(anonymous_0)","decl":{"start":{"line":1,"column":21},"end":{"line":1,"column":22}},"loc":{"start":{"line":1,"column":46},"end":{"line":64,"column":1}},"line":1}},"branchMap":{"0":{"loc":{"start":{"line":8,"column":1},"end":{"line":11,"column":2}},"type":"if","locations":[{"start":{"line":8,"column":1},"end":{"line":11,"column":2}},{"start":{},"end":{}}],"line":8},"1":{"loc":{"start":{"line":18,"column":1},"end":{"line":21,"column":2}},"type":"if","locations":[{"start":{"line":18,"column":1},"end":{"line":21,"column":2}},{"start":{},"end":{}}],"line":18},"2":{"loc":{"start":{"line":23,"column":1},"end":{"line":26,"column":2}},"type":"if","locations":[{"start":{"line":23,"column":1},"end":{"line":26,"column":2}},{"start":{},"end":{}}],"line":23},"3":{"loc":{"start":{"line":28,"column":1},"end":{"line":31,"column":2}},"type":"if","locations":[{"start":{"line":28,"column":1},"end":{"line":31,"column":2}},{"start":{},"end":{}}],"line":28},"4":{"loc":{"start":{"line":33,"column":1},"end":{"line":36,"column":2}},"type":"if","locations":[{"start":{"line":33,"column":1},"end":{"line":36,"column":2}},{"start":{},"end":{}}],"line":33},"5":{"loc":{"start":{"line":38,"column":1},"end":{"line":41,"column":2}},"type":"if","locations":[{"start":{"line":38,"column":1},"end":{"line":41,"column":2}},{"start":{},"end":{}}],"line":38},"6":{"loc":{"start":{"line":43,"column":1},"end":{"line":46,"column":2}},"type":"if","locations":[{"start":{"line":43,"column":1},"end":{"line":46,"column":2}},{"start":{},"end":{}}],"line":43},"7":{"loc":{"start":{"line":48,"column":1},"end":{"line":51,"column":2}},"type":"if","locations":[{"start":{"line":48,"column":1},"end":{"line":51,"column":2}},{"start":{},"end":{}}],"line":48},"8":{"loc":{"start":{"line":53,"column":1},"end":{"line":56,"column":2}},"type":"if","locations":[{"start":{"line":53,"column":1},"end":{"line":56,"column":2}},{"start":{},"end":{}}],"line":53},"9":{"loc":{"start":{"line":58,"column":1},"end":{"line":61,"column":2}},"type":"if","locations":[{"start":{"line":58,"column":1},"end":{"line":61,"column":2}},{"start":{},"end":{}}],"line":58}},"s":{"0":1,"1":2,"2":2,"3":2,"4":2,"5":2,"6":2,"7":0,"8":0,"9":2,"10":0,"11":0,"12":2,"13":0,"14":0,"15":2,"16":0,"17":0,"18":2,"19":0,"20":0,"21":2,"22":0,"23":0,"24":2,"25":0,"26":0,"27":2,"28":0,"29":0,"30":2,"31":2,"32":2,"33":2,"34":0,"35":0,"36":2,"37":1},"f":{"0":2},"b":{"0":[0,2],"1":[0,2],"2":[0,2],"3":[0,2],"4":[0,2],"5":[0,2],"6":[0,2],"7":[0,2],"8":[2,0],"9":[0,2]},"_coverageSchema":"1a1c01bbd47fc00a2c39e90264f33305004495a9","hash":"b22414c131bfd06fd2c21321e53bb1c104eccbfb"}
,"/Users/vincentiusclarishna/Documents/HACKTIV8/Phase-2 (Repeat)/W1/Day01/gc01-AisyahAuliaAngelinee-1/server/middleware/multer.js": {"path":"/Users/vincentiusclarishna/Documents/HACKTIV8/Phase-2 (Repeat)/W1/Day01/gc01-AisyahAuliaAngelinee-1/server/middleware/multer.js","statementMap":{"0":{"start":{"line":1,"column":15},"end":{"line":1,"column":32}},"1":{"start":{"line":2,"column":16},"end":{"line":2,"column":38}},"2":{"start":{"line":3,"column":15},"end":{"line":3,"column":34}},"3":{"start":{"line":4,"column":20},"end":{"line":4,"column":42}},"4":{"start":{"line":6,"column":0},"end":{"line":6,"column":29}}},"fnMap":{},"branchMap":{},"s":{"0":1,"1":1,"2":1,"3":1,"4":1},"f":{},"b":{},"_coverageSchema":"1a1c01bbd47fc00a2c39e90264f33305004495a9","hash":"b98c59716dd86a453d6d5b555fae5639980e9303"}
,"/Users/vincentiusclarishna/Documents/HACKTIV8/Phase-2 (Repeat)/W1/Day01/gc01-AisyahAuliaAngelinee-1/server/models/index.js": {"path":"/Users/vincentiusclarishna/Documents/HACKTIV8/Phase-2 (Repeat)/W1/Day01/gc01-AisyahAuliaAngelinee-1/server/models/index.js","statementMap":{"0":{"start":{"line":3,"column":11},"end":{"line":3,"column":24}},"1":{"start":{"line":4,"column":13},"end":{"line":4,"column":28}},"2":{"start":{"line":5,"column":18},"end":{"line":5,"column":38}},"3":{"start":{"line":6,"column":16},"end":{"line":6,"column":34}},"4":{"start":{"line":7,"column":17},"end":{"line":7,"column":42}},"5":{"start":{"line":8,"column":12},"end":{"line":8,"column":49}},"6":{"start":{"line":9,"column":15},"end":{"line":9,"column":65}},"7":{"start":{"line":10,"column":11},"end":{"line":10,"column":13}},"8":{"start":{"line":13,"column":0},"end":{"line":17,"column":1}},"9":{"start":{"line":14,"column":2},"end":{"line":14,"column":74}},"10":{"start":{"line":16,"column":2},"end":{"line":16,"column":87}},"11":{"start":{"line":19,"column":0},"end":{"line":32,"column":5}},"12":{"start":{"line":22,"column":4},"end":{"line":27,"column":6}},"13":{"start":{"line":30,"column":18},"end":{"line":30,"column":85}},"14":{"start":{"line":31,"column":4},"end":{"line":31,"column":27}},"15":{"start":{"line":34,"column":0},"end":{"line":38,"column":3}},"16":{"start":{"line":35,"column":2},"end":{"line":37,"column":3}},"17":{"start":{"line":36,"column":4},"end":{"line":36,"column":32}},"18":{"start":{"line":40,"column":0},"end":{"line":40,"column":25}},"19":{"start":{"line":41,"column":0},"end":{"line":41,"column":25}},"20":{"start":{"line":43,"column":0},"end":{"line":43,"column":20}}},"fnMap":{"0":{"name":"(anonymous_0)","decl":{"start":{"line":21,"column":10},"end":{"line":21,"column":11}},"loc":{"start":{"line":21,"column":18},"end":{"line":28,"column":3}},"line":21},"1":{"name":"(anonymous_1)","decl":{"start":{"line":29,"column":11},"end":{"line":29,"column":12}},"loc":{"start":{"line":29,"column":19},"end":{"line":32,"column":3}},"line":29},"2":{"name":"(anonymous_2)","decl":{"start":{"line":34,"column":24},"end":{"line":34,"column":25}},"loc":{"start":{"line":34,"column":37},"end":{"line":38,"column":1}},"line":34}},"branchMap":{"0":{"loc":{"start":{"line":8,"column":12},"end":{"line":8,"column":49}},"type":"binary-expr","locations":[{"start":{"line":8,"column":12},"end":{"line":8,"column":32}},{"start":{"line":8,"column":36},"end":{"line":8,"column":49}}],"line":8},"1":{"loc":{"start":{"line":13,"column":0},"end":{"line":17,"column":1}},"type":"if","locations":[{"start":{"line":13,"column":0},"end":{"line":17,"column":1}},{"start":{"line":15,"column":7},"end":{"line":17,"column":1}}],"line":13},"2":{"loc":{"start":{"line":23,"column":6},"end":{"line":26,"column":37}},"type":"binary-expr","locations":[{"start":{"line":23,"column":6},"end":{"line":23,"column":29}},{"start":{"line":24,"column":6},"end":{"line":24,"column":23}},{"start":{"line":25,"column":6},"end":{"line":25,"column":30}},{"start":{"line":26,"column":6},"end":{"line":26,"column":37}}],"line":23},"3":{"loc":{"start":{"line":35,"column":2},"end":{"line":37,"column":3}},"type":"if","locations":[{"start":{"line":35,"column":2},"end":{"line":37,"column":3}},{"start":{},"end":{}}],"line":35}},"s":{"0":1,"1":1,"2":1,"3":1,"4":1,"5":1,"6":1,"7":1,"8":1,"9":0,"10":1,"11":1,"12":4,"13":3,"14":3,"15":1,"16":3,"17":3,"18":1,"19":1,"20":1},"f":{"0":4,"1":3,"2":3},"b":{"0":[1,0],"1":[0,1],"2":[4,4,3,3],"3":[3,0]},"_coverageSchema":"1a1c01bbd47fc00a2c39e90264f33305004495a9","hash":"f19a7a299d5e806a697b84847a73114a8e1cbd08"}
,"/Users/vincentiusclarishna/Documents/HACKTIV8/Phase-2 (Repeat)/W1/Day01/gc01-AisyahAuliaAngelinee-1/server/models/lodging.js": {"path":"/Users/vincentiusclarishna/Documents/HACKTIV8/Phase-2 (Repeat)/W1/Day01/gc01-AisyahAuliaAngelinee-1/server/models/lodging.js","statementMap":{"0":{"start":{"line":2,"column":18},"end":{"line":2,"column":38}},"1":{"start":{"line":3,"column":0},"end":{"line":91,"column":2}},"2":{"start":{"line":12,"column":3},"end":{"line":12,"column":57}},"3":{"start":{"line":13,"column":3},"end":{"line":13,"column":59}},"4":{"start":{"line":16,"column":1},"end":{"line":89,"column":3}},"5":{"start":{"line":90,"column":1},"end":{"line":90,"column":16}}},"fnMap":{"0":{"name":"(anonymous_0)","decl":{"start":{"line":3,"column":17},"end":{"line":3,"column":18}},"loc":{"start":{"line":3,"column":43},"end":{"line":91,"column":1}},"line":3},"1":{"name":"(anonymous_1)","decl":{"start":{"line":10,"column":2},"end":{"line":10,"column":3}},"loc":{"start":{"line":10,"column":27},"end":{"line":14,"column":3}},"line":10}},"branchMap":{},"s":{"0":1,"1":1,"2":1,"3":1,"4":1,"5":1},"f":{"0":1,"1":1},"b":{},"_coverageSchema":"1a1c01bbd47fc00a2c39e90264f33305004495a9","hash":"3eea65c0a2cf4f7915370d7cefad91924a911842"}
,"/Users/vincentiusclarishna/Documents/HACKTIV8/Phase-2 (Repeat)/W1/Day01/gc01-AisyahAuliaAngelinee-1/server/models/type.js": {"path":"/Users/vincentiusclarishna/Documents/HACKTIV8/Phase-2 (Repeat)/W1/Day01/gc01-AisyahAuliaAngelinee-1/server/models/type.js","statementMap":{"0":{"start":{"line":2,"column":18},"end":{"line":2,"column":38}},"1":{"start":{"line":3,"column":0},"end":{"line":32,"column":2}},"2":{"start":{"line":12,"column":3},"end":{"line":12,"column":58}},"3":{"start":{"line":15,"column":1},"end":{"line":30,"column":3}},"4":{"start":{"line":31,"column":1},"end":{"line":31,"column":13}}},"fnMap":{"0":{"name":"(anonymous_0)","decl":{"start":{"line":3,"column":17},"end":{"line":3,"column":18}},"loc":{"start":{"line":3,"column":43},"end":{"line":32,"column":1}},"line":3},"1":{"name":"(anonymous_1)","decl":{"start":{"line":10,"column":2},"end":{"line":10,"column":3}},"loc":{"start":{"line":10,"column":27},"end":{"line":13,"column":3}},"line":10}},"branchMap":{},"s":{"0":1,"1":1,"2":1,"3":1,"4":1},"f":{"0":1,"1":1},"b":{},"_coverageSchema":"1a1c01bbd47fc00a2c39e90264f33305004495a9","hash":"78b1d9387fbc8b0c9688a850d93919d2c510cdc6"}
,"/Users/vincentiusclarishna/Documents/HACKTIV8/Phase-2 (Repeat)/W1/Day01/gc01-AisyahAuliaAngelinee-1/server/models/user.js": {"path":"/Users/vincentiusclarishna/Documents/HACKTIV8/Phase-2 (Repeat)/W1/Day01/gc01-AisyahAuliaAngelinee-1/server/models/user.js","statementMap":{"0":{"start":{"line":2,"column":18},"end":{"line":2,"column":38}},"1":{"start":{"line":3,"column":25},"end":{"line":3,"column":53}},"2":{"start":{"line":4,"column":0},"end":{"line":69,"column":2}},"3":{"start":{"line":13,"column":3},"end":{"line":13,"column":60}},"4":{"start":{"line":16,"column":1},"end":{"line":63,"column":3}},"5":{"start":{"line":65,"column":1},"end":{"line":67,"column":4}},"6":{"start":{"line":66,"column":2},"end":{"line":66,"column":46}},"7":{"start":{"line":68,"column":1},"end":{"line":68,"column":13}}},"fnMap":{"0":{"name":"(anonymous_0)","decl":{"start":{"line":4,"column":17},"end":{"line":4,"column":18}},"loc":{"start":{"line":4,"column":43},"end":{"line":69,"column":1}},"line":4},"1":{"name":"(anonymous_1)","decl":{"start":{"line":11,"column":2},"end":{"line":11,"column":3}},"loc":{"start":{"line":11,"column":27},"end":{"line":14,"column":3}},"line":11},"2":{"name":"(anonymous_2)","decl":{"start":{"line":65,"column":19},"end":{"line":65,"column":20}},"loc":{"start":{"line":65,"column":29},"end":{"line":67,"column":2}},"line":65}},"branchMap":{},"s":{"0":1,"1":1,"2":1,"3":1,"4":1,"5":1,"6":0,"7":1},"f":{"0":1,"1":1,"2":0},"b":{},"_coverageSchema":"1a1c01bbd47fc00a2c39e90264f33305004495a9","hash":"a06710a9d845249c9b5ab72fb9a8e995cc237117"}
,"/Users/vincentiusclarishna/Documents/HACKTIV8/Phase-2 (Repeat)/W1/Day01/gc01-AisyahAuliaAngelinee-1/server/routers/lodging.js": {"path":"/Users/vincentiusclarishna/Documents/HACKTIV8/Phase-2 (Repeat)/W1/Day01/gc01-AisyahAuliaAngelinee-1/server/routers/lodging.js","statementMap":{"0":{"start":{"line":1,"column":15},"end":{"line":1,"column":42}},"1":{"start":{"line":2,"column":23},"end":{"line":2,"column":64}},"2":{"start":{"line":3,"column":22},"end":{"line":3,"column":60}},"3":{"start":{"line":4,"column":20},"end":{"line":4,"column":51}},"4":{"start":{"line":6,"column":0},"end":{"line":6,"column":57}},"5":{"start":{"line":7,"column":0},"end":{"line":7,"column":52}},"6":{"start":{"line":8,"column":0},"end":{"line":8,"column":77}},"7":{"start":{"line":9,"column":0},"end":{"line":9,"column":72}},"8":{"start":{"line":10,"column":0},"end":{"line":10,"column":77}},"9":{"start":{"line":11,"column":0},"end":{"line":11,"column":86}},"10":{"start":{"line":13,"column":0},"end":{"line":13,"column":24}}},"fnMap":{},"branchMap":{},"s":{"0":1,"1":1,"2":1,"3":1,"4":1,"5":1,"6":1,"7":1,"8":1,"9":1,"10":1},"f":{},"b":{},"_coverageSchema":"1a1c01bbd47fc00a2c39e90264f33305004495a9","hash":"b14797edbbca62bb2822bcecc37c0c4715f58761"}
,"/Users/vincentiusclarishna/Documents/HACKTIV8/Phase-2 (Repeat)/W1/Day01/gc01-AisyahAuliaAngelinee-1/server/routers/main.js": {"path":"/Users/vincentiusclarishna/Documents/HACKTIV8/Phase-2 (Repeat)/W1/Day01/gc01-AisyahAuliaAngelinee-1/server/routers/main.js","statementMap":{"0":{"start":{"line":1,"column":15},"end":{"line":1,"column":42}},"1":{"start":{"line":2,"column":22},"end":{"line":2,"column":51}},"2":{"start":{"line":3,"column":19},"end":{"line":3,"column":45}},"3":{"start":{"line":5,"column":21},"end":{"line":5,"column":49}},"4":{"start":{"line":6,"column":23},"end":{"line":6,"column":64}},"5":{"start":{"line":7,"column":23},"end":{"line":7,"column":62}},"6":{"start":{"line":8,"column":22},"end":{"line":8,"column":60}},"7":{"start":{"line":11,"column":0},"end":{"line":11,"column":36}},"8":{"start":{"line":14,"column":0},"end":{"line":14,"column":44}},"9":{"start":{"line":18,"column":0},"end":{"line":18,"column":27}},"10":{"start":{"line":21,"column":0},"end":{"line":21,"column":64}},"11":{"start":{"line":24,"column":0},"end":{"line":24,"column":39}},"12":{"start":{"line":27,"column":0},"end":{"line":27,"column":32}},"13":{"start":{"line":29,"column":0},"end":{"line":29,"column":24}}},"fnMap":{},"branchMap":{},"s":{"0":1,"1":1,"2":1,"3":1,"4":1,"5":1,"6":1,"7":1,"8":1,"9":1,"10":1,"11":1,"12":1,"13":1},"f":{},"b":{},"_coverageSchema":"1a1c01bbd47fc00a2c39e90264f33305004495a9","hash":"a4ad016a5fa8cd3a38bcfbab8ea023a3bb4749de"}
,"/Users/vincentiusclarishna/Documents/HACKTIV8/Phase-2 (Repeat)/W1/Day01/gc01-AisyahAuliaAngelinee-1/server/routers/public.js": {"path":"/Users/vincentiusclarishna/Documents/HACKTIV8/Phase-2 (Repeat)/W1/Day01/gc01-AisyahAuliaAngelinee-1/server/routers/public.js","statementMap":{"0":{"start":{"line":1,"column":15},"end":{"line":1,"column":42}},"1":{"start":{"line":2,"column":25},"end":{"line":2,"column":68}},"2":{"start":{"line":4,"column":0},"end":{"line":4,"column":48}},"3":{"start":{"line":5,"column":0},"end":{"line":5,"column":55}},"4":{"start":{"line":7,"column":0},"end":{"line":7,"column":24}}},"fnMap":{},"branchMap":{},"s":{"0":1,"1":1,"2":1,"3":1,"4":1},"f":{},"b":{},"_coverageSchema":"1a1c01bbd47fc00a2c39e90264f33305004495a9","hash":"5af1071535fdd41c74857b4df9b03e942fefc11a"}
,"/Users/vincentiusclarishna/Documents/HACKTIV8/Phase-2 (Repeat)/W1/Day01/gc01-AisyahAuliaAngelinee-1/server/routers/type.js": {"path":"/Users/vincentiusclarishna/Documents/HACKTIV8/Phase-2 (Repeat)/W1/Day01/gc01-AisyahAuliaAngelinee-1/server/routers/type.js","statementMap":{"0":{"start":{"line":1,"column":15},"end":{"line":1,"column":42}},"1":{"start":{"line":2,"column":26},"end":{"line":2,"column":70}},"2":{"start":{"line":3,"column":22},"end":{"line":3,"column":60}},"3":{"start":{"line":5,"column":0},"end":{"line":5,"column":55}},"4":{"start":{"line":6,"column":0},"end":{"line":6,"column":47}},"5":{"start":{"line":7,"column":0},"end":{"line":7,"column":67}},"6":{"start":{"line":8,"column":0},"end":{"line":8,"column":72}},"7":{"start":{"line":10,"column":0},"end":{"line":10,"column":24}}},"fnMap":{},"branchMap":{},"s":{"0":1,"1":1,"2":1,"3":1,"4":1,"5":1,"6":1,"7":1},"f":{},"b":{},"_coverageSchema":"1a1c01bbd47fc00a2c39e90264f33305004495a9","hash":"9151654c0fce514e5e346194d8154495367c6c1b"}
}
