TN:
SF:app.js
FNF:0
FNH:0
DA:1,1
DA:2,1
DA:3,1
DA:4,1
DA:5,1
DA:7,1
DA:13,1
DA:14,1
DA:15,1
DA:16,1
DA:17,1
DA:23,1
LF:12
LH:12
BRDA:1,0,0,1
BRDA:1,0,1,0
BRF:2
BRH:1
end_of_record
TN:
SF:API/imagekit.js
FNF:0
FNH:0
DA:1,1
DA:2,1
DA:4,1
DA:10,1
LF:4
LH:4
BRDA:1,0,0,1
BRDA:1,0,1,0
BRF:2
BRH:1
end_of_record
TN:
SF:controllers/main-controller.js
FN:5,(anonymous_0)
FN:24,(anonymous_1)
FN:33,(anonymous_2)
FN:49,(anonymous_3)
FN:76,(anonymous_4)
FN:98,(anonymous_5)
FNF:6
FNH:0
FNDA:0,(anonymous_0)
FNDA:0,(anonymous_1)
FNDA:0,(anonymous_2)
FNDA:0,(anonymous_3)
FNDA:0,(anonymous_4)
FNDA:0,(anonymous_5)
DA:1,1
DA:2,1
DA:6,0
DA:7,0
DA:18,0
DA:20,0
DA:25,0
DA:26,0
DA:27,0
DA:29,0
DA:34,0
DA:35,0
DA:36,0
DA:39,0
DA:40,0
DA:43,0
DA:45,0
DA:50,0
DA:51,0
DA:52,0
DA:53,0
DA:54,0
DA:57,0
DA:70,0
DA:72,0
DA:77,0
DA:78,0
DA:79,0
DA:83,0
DA:84,0
DA:91,0
DA:92,0
DA:94,0
DA:99,0
DA:100,0
DA:101,0
DA:102,0
DA:103,0
DA:106,0
DA:107,0
DA:110,0
DA:111,0
DA:116,0
DA:117,0
DA:119,0
DA:124,1
LF:46
LH:3
BRDA:39,0,0,0
BRDA:39,0,1,0
BRDA:53,1,0,0
BRDA:53,1,1,0
BRDA:83,2,0,0
BRDA:83,2,1,0
BRDA:102,3,0,0
BRDA:102,3,1,0
BRDA:106,4,0,0
BRDA:106,4,1,0
BRF:10
BRH:0
end_of_record
TN:
SF:controllers/public-controller.js
FN:5,(anonymous_0)
FN:32,(anonymous_1)
FN:70,(anonymous_2)
FNF:3
FNH:3
FNDA:3,(anonymous_0)
FNDA:1,(anonymous_1)
FNDA:2,(anonymous_2)
DA:1,1
DA:2,1
DA:6,3
DA:7,3
DA:8,3
DA:9,2
DA:11,3
DA:13,3
DA:14,3
DA:15,0
DA:25,3
DA:31,3
DA:32,1
DA:36,1
DA:43,3
DA:44,0
DA:45,0
DA:47,0
DA:51,3
DA:52,3
DA:64,3
DA:66,0
DA:71,2
DA:72,2
DA:73,2
DA:74,2
DA:75,2
DA:76,2
DA:79,0
DA:81,2
DA:86,1
LF:31
LH:25
BRDA:8,0,0,2
BRDA:8,0,1,1
BRDA:11,1,0,0
BRDA:11,1,1,3
BRDA:14,2,0,0
BRDA:14,2,1,3
BRDA:31,3,0,1
BRDA:31,3,1,2
BRDA:31,4,0,3
BRDA:31,4,1,3
BRDA:43,5,0,0
BRDA:43,5,1,3
BRDA:43,6,0,3
BRDA:43,6,1,3
BRDA:44,7,0,0
BRDA:44,7,1,0
BRDA:75,8,0,2
BRDA:75,8,1,0
BRF:18
BRH:12
end_of_record
TN:
SF:controllers/support-controller.js
FN:5,(anonymous_0)
FN:15,(anonymous_1)
FN:24,(anonymous_2)
FN:49,(anonymous_3)
FNF:4
FNH:0
FNDA:0,(anonymous_0)
FNDA:0,(anonymous_1)
FNDA:0,(anonymous_2)
FNDA:0,(anonymous_3)
DA:1,1
DA:2,1
DA:6,0
DA:7,0
DA:9,0
DA:11,0
DA:16,0
DA:17,0
DA:18,0
DA:20,0
DA:25,0
DA:26,0
DA:27,0
DA:28,0
DA:29,0
DA:32,0
DA:43,0
DA:45,0
DA:50,0
DA:51,0
DA:52,0
DA:54,0
DA:55,0
DA:58,0
DA:64,0
DA:66,0
DA:71,1
LF:27
LH:3
BRDA:28,0,0,0
BRDA:28,0,1,0
BRDA:54,1,0,0
BRDA:54,1,1,0
BRF:4
BRH:0
end_of_record
TN:
SF:controllers/user-controller.js
FN:6,(anonymous_0)
FN:47,(anonymous_1)
FNF:2
FNH:0
FNDA:0,(anonymous_0)
FNDA:0,(anonymous_1)
DA:1,1
DA:2,1
DA:3,1
DA:7,0
DA:8,0
DA:9,0
DA:10,0
DA:13,0
DA:14,0
DA:17,0
DA:23,0
DA:24,0
DA:27,0
DA:29,0
DA:30,0
DA:33,0
DA:40,0
DA:41,0
DA:43,0
DA:48,0
DA:49,0
DA:56,0
DA:58,0
DA:60,0
DA:65,1
LF:25
LH:4
BRDA:9,0,0,0
BRDA:9,0,1,0
BRDA:13,1,0,0
BRDA:13,1,1,0
BRDA:23,2,0,0
BRDA:23,2,1,0
BRDA:29,3,0,0
BRDA:29,3,1,0
BRF:8
BRH:0
end_of_record
TN:
SF:helpers/bcrypt.js
FN:3,(anonymous_0)
FN:8,(anonymous_1)
FNF:2
FNH:0
FNDA:0,(anonymous_0)
FNDA:0,(anonymous_1)
DA:1,1
DA:3,1
DA:4,0
DA:5,0
DA:8,1
DA:9,0
DA:12,1
LF:7
LH:4
BRF:0
BRH:0
end_of_record
TN:
SF:helpers/jwt.js
FN:4,(anonymous_0)
FN:8,(anonymous_1)
FNF:2
FNH:0
FNDA:0,(anonymous_0)
FNDA:0,(anonymous_1)
DA:1,1
DA:2,1
DA:4,1
DA:5,0
DA:8,1
DA:9,0
DA:12,1
LF:7
LH:5
BRF:0
BRH:0
end_of_record
TN:
SF:middleware/authentication.js
FN:4,(anonymous_0)
FNF:1
FNH:0
FNDA:0,(anonymous_0)
DA:1,1
DA:2,1
DA:4,1
DA:5,0
DA:6,0
DA:7,0
DA:8,0
DA:11,0
DA:12,0
DA:13,0
DA:16,0
DA:21,0
DA:22,0
DA:26,0
DA:33,0
DA:35,0
DA:39,1
LF:17
LH:4
BRDA:7,0,0,0
BRDA:7,0,1,0
BRDA:21,1,0,0
BRDA:21,1,1,0
BRF:4
BRH:0
end_of_record
TN:
SF:middleware/authorization.js
FN:3,(anonymous_0)
FNF:1
FNH:0
FNDA:0,(anonymous_0)
DA:1,1
DA:3,1
DA:4,0
DA:16,0
DA:17,0
DA:18,0
DA:19,0
DA:20,0
DA:21,0
DA:24,0
DA:25,0
DA:26,0
DA:30,0
DA:31,0
DA:35,0
DA:37,0
DA:41,1
LF:17
LH:3
BRDA:18,0,0,0
BRDA:18,0,1,0
BRDA:20,1,0,0
BRDA:20,1,1,0
BRDA:25,2,0,0
BRDA:25,2,1,0
BRDA:30,3,0,0
BRDA:30,3,1,0
BRF:8
BRH:0
end_of_record
TN:
SF:middleware/errorhandler.js
FN:1,(anonymous_0)
FNF:1
FNH:1
FNDA:2,(anonymous_0)
DA:1,1
DA:2,2
DA:3,2
DA:4,2
DA:5,2
DA:6,2
DA:8,2
DA:9,0
DA:10,0
DA:18,2
DA:19,0
DA:20,0
DA:23,2
DA:24,0
DA:25,0
DA:28,2
DA:29,0
DA:30,0
DA:33,2
DA:34,0
DA:35,0
DA:38,2
DA:39,0
DA:40,0
DA:43,2
DA:44,0
DA:45,0
DA:48,2
DA:49,0
DA:50,0
DA:53,2
DA:54,2
DA:55,2
DA:58,2
DA:59,0
DA:60,0
DA:63,2
DA:66,1
LF:38
LH:20
BRDA:8,0,0,0
BRDA:8,0,1,2
BRDA:18,1,0,0
BRDA:18,1,1,2
BRDA:23,2,0,0
BRDA:23,2,1,2
BRDA:28,3,0,0
BRDA:28,3,1,2
BRDA:33,4,0,0
BRDA:33,4,1,2
BRDA:38,5,0,0
BRDA:38,5,1,2
BRDA:43,6,0,0
BRDA:43,6,1,2
BRDA:48,7,0,0
BRDA:48,7,1,2
BRDA:53,8,0,2
BRDA:53,8,1,0
BRDA:58,9,0,0
BRDA:58,9,1,2
BRF:20
BRH:10
end_of_record
TN:
SF:middleware/multer.js
FNF:0
FNH:0
DA:1,1
DA:2,1
DA:3,1
DA:4,1
DA:6,1
LF:5
LH:5
BRF:0
BRH:0
end_of_record
TN:
SF:models/index.js
FN:21,(anonymous_0)
FN:29,(anonymous_1)
FN:34,(anonymous_2)
FNF:3
FNH:3
FNDA:4,(anonymous_0)
FNDA:3,(anonymous_1)
FNDA:3,(anonymous_2)
DA:3,1
DA:4,1
DA:5,1
DA:6,1
DA:7,1
DA:8,1
DA:9,1
DA:10,1
DA:13,1
DA:14,0
DA:16,1
DA:19,1
DA:22,4
DA:30,3
DA:31,3
DA:34,1
DA:35,3
DA:36,3
DA:40,1
DA:41,1
DA:43,1
LF:21
LH:20
BRDA:8,0,0,1
BRDA:8,0,1,0
BRDA:13,1,0,0
BRDA:13,1,1,1
BRDA:23,2,0,4
BRDA:23,2,1,4
BRDA:23,2,2,3
BRDA:23,2,3,3
BRDA:35,3,0,3
BRDA:35,3,1,0
BRF:10
BRH:7
end_of_record
TN:
SF:models/lodging.js
FN:3,(anonymous_0)
FN:10,(anonymous_1)
FNF:2
FNH:2
FNDA:1,(anonymous_0)
FNDA:1,(anonymous_1)
DA:2,1
DA:3,1
DA:12,1
DA:13,1
DA:16,1
DA:90,1
LF:6
LH:6
BRF:0
BRH:0
end_of_record
TN:
SF:models/type.js
FN:3,(anonymous_0)
FN:10,(anonymous_1)
FNF:2
FNH:2
FNDA:1,(anonymous_0)
FNDA:1,(anonymous_1)
DA:2,1
DA:3,1
DA:12,1
DA:15,1
DA:31,1
LF:5
LH:5
BRF:0
BRH:0
end_of_record
TN:
SF:models/user.js
FN:4,(anonymous_0)
FN:11,(anonymous_1)
FN:65,(anonymous_2)
FNF:3
FNH:2
FNDA:1,(anonymous_0)
FNDA:1,(anonymous_1)
FNDA:0,(anonymous_2)
DA:2,1
DA:3,1
DA:4,1
DA:13,1
DA:16,1
DA:65,1
DA:66,0
DA:68,1
LF:8
LH:7
BRF:0
BRH:0
end_of_record
TN:
SF:routers/lodging.js
FNF:0
FNH:0
DA:1,1
DA:2,1
DA:3,1
DA:4,1
DA:6,1
DA:7,1
DA:8,1
DA:9,1
DA:10,1
DA:11,1
DA:13,1
LF:11
LH:11
BRF:0
BRH:0
end_of_record
TN:
SF:routers/main.js
FNF:0
FNH:0
DA:1,1
DA:2,1
DA:3,1
DA:5,1
DA:6,1
DA:7,1
DA:8,1
DA:11,1
DA:14,1
DA:18,1
DA:21,1
DA:24,1
DA:27,1
DA:29,1
LF:14
LH:14
BRF:0
BRH:0
end_of_record
TN:
SF:routers/public.js
FNF:0
FNH:0
DA:1,1
DA:2,1
DA:4,1
DA:5,1
DA:7,1
LF:5
LH:5
BRF:0
BRH:0
end_of_record
TN:
SF:routers/type.js
FNF:0
FNH:0
DA:1,1
DA:2,1
DA:3,1
DA:5,1
DA:6,1
DA:7,1
DA:8,1
DA:10,1
LF:8
LH:8
BRF:0
BRH:0
end_of_record
